2023-09-07 20:05:57 User Andi -> ***************************************************
2023-09-07 20:05:57 User Andi -> Starting application
2023-09-07 20:05:59 User Andi -> Asked the weather
2023-09-07 20:06:03 User Andi -> Asked for a joke
2023-09-07 20:06:07 User Andi -> Asked to display song lyrics
2023-09-07 20:07:21 User Andi -> ***************************************************
2023-09-07 20:07:21 User Andi -> Starting application
2023-09-07 20:07:24 User Andi -> Exiting application
2023-09-07 20:07:24 User Andi -> ***************************************************
2023-09-07 20:10:20 User Andi -> ***************************************************
2023-09-07 20:10:20 User Andi -> Starting application
2023-09-07 20:10:24 User Andi -> Asked to search words in song lyrics
2023-09-07 20:10:30 User Andi -> Searched lyrics for: down
2023-09-07 20:10:35 User Andi -> Exiting application
2023-09-07 20:10:35 User Andi -> ***************************************************
2023-09-07 20:14:41 User Andi -> ***************************************************
2023-09-07 20:14:41 User Andi -> Starting application
2023-09-07 20:14:58 User Andi -> Asked the weather
2023-09-07 20:15:16 User Andi -> Exiting application
2023-09-07 20:15:16 User Andi -> ***************************************************
